Построение начато 10/1/2014 7:11:41 PM.
     1>Проект "D:\Urok01\Urok5\Urok5\Urok5.vcxproj" в узле 2 (целевые объекты build).
     1>InitializeBuildStatus:
         Обращение к "Debug\Urok5.unsuccessfulbuild".
       ClCompile:
         C:\Program Files\Microsoft Visual Studio 10.0\VC\bin\CL.exe /c /ZI /nologo /W3 /WX- /Od /Oy- /D WIN32 /D _DEBUG /D _CONSOLE /D _UNICODE /D UNICODE /Gm /EHsc /RTC1 /MDd /GS /fp:precise /Zc:wchar_t /Zc:forScope /Fo"Debug\\" /Fd"Debug\vc100.pdb" /Gd /TP /analyze- /errorReport:prompt Urok5.cpp
         Urok5.cpp
       ManifestResourceCompile:
         Для всех выходных данных обновления не требуется.
       Link:
         C:\Program Files\Microsoft Visual Studio 10.0\VC\bin\link.exe /ERRORREPORT:PROMPT /OUT:"D:\Urok01\Urok5\Debug\Urok5.exe" /INCREMENTAL /NOLOGO kernel32.lib user32.lib gdi32.lib winspool.lib comdlg32.lib advapi32.lib shell32.lib ole32.lib oleaut32.lib uuid.lib odbc32.lib odbccp32.lib /MANIFEST /ManifestFile:"Debug\Urok5.exe.intermediate.manifest" /MANIFESTUAC:"level='asInvoker' uiAccess='false'" /DEBUG /PDB:"D:\Urok01\Urok5\Debug\Urok5.pdb" /SUBSYSTEM:CONSOLE /TLBID:1 /DYNAMICBASE /NXCOMPAT /IMPLIB:"D:\Urok01\Urok5\Debug\Urok5.lib" /MACHINE:X86 Debug\Urok5.exe.embed.manifest.res
         Debug\stdafx.obj
         Debug\Urok5.obj
       Manifest:
         C:\Program Files\Microsoft SDKs\Windows\v7.0A\bin\mt.exe /nologo /verbose /out:"Debug\Urok5.exe.embed.manifest" /manifest Debug\Urok5.exe.intermediate.manifest
         Для всех выходных данных обновления не требуется.
       LinkEmbedManifest:
         Для всех выходных данных обновления не требуется.
         Urok5.vcxproj -> D:\Urok01\Urok5\Debug\Urok5.exe
       FinalizeBuildStatus:
         Файл "Debug\Urok5.unsuccessfulbuild" удаляется.
         Обращение к "Debug\Urok5.lastbuildstate".
     1>Построение проекта "D:\Urok01\Urok5\Urok5\Urok5.vcxproj" завершено (целевые объекты build).

Построение успешно завершено.

Затраченное время: 00:00:01.35
